<html>
<head>
<title>TestNG:  Store Base Sync Tests</title>
<link href="../testng.css" rel="stylesheet" type="text/css" />
<link href="../my-testng.css" rel="stylesheet" type="text/css" />

<style type="text/css">
.log { display: none;} 
.stack-trace { display: none;} 
</style>
<script type="text/javascript">
<!--
function flip(e) {
  current = e.style.display;
  if (current == 'block') {
    e.style.display = 'none';
    return 0;
  }
  else {
    e.style.display = 'block';
    return 1;
  }
}

function toggleBox(szDivId, elem, msg1, msg2)
{
  var res = -1;  if (document.getElementById) {
    res = flip(document.getElementById(szDivId));
  }
  else if (document.all) {
    // this is the way old msie versions work
    res = flip(document.all[szDivId]);
  }
  if(elem) {
    if(res == 0) elem.innerHTML = msg1; else elem.innerHTML = msg2;
  }

}

function toggleAllBoxes() {
  if (document.getElementsByTagName) {
    d = document.getElementsByTagName('div');
    for (i = 0; i < d.length; i++) {
      if (d[i].className == 'log') {
        flip(d[i]);
      }
    }
  }
}

// -->
</script>

</head>
<body>
<h2 align='center'>Store Base Sync Tests</h2><table border='1' align="center">
<tr>
<td>Tests passed/Failed/Skipped:</td><td>1/2/0</td>
</tr><tr>
<td>Started on:</td><td>Tue Mar 04 13:41:21 CST 2025</td>
</tr>
<tr><td>Total time:</td><td>15 seconds (15556 ms)</td>
</tr><tr>
<td>Included groups:</td><td></td>
</tr><tr>
<td>Excluded groups:</td><td></td>
</tr>
</table><p/>
<small><i>(Hover the method name to see the test class name)</i></small><p/>
<table width='100%' border='1' class='invocation-failed'>
<tr><td colspan='4' align='center'><b>FAILED TESTS</b></td></tr>
<tr><td><b>Test method</b></td>
<td width="30%"><b>Exception</b></td>
<td width="10%"><b>Time (seconds)</b></td>
<td><b>Instance</b></td>
</tr>
<tr>
<td title='com.saas.qa.api.testcase.open.store.StoreBaseSyncTest.testStoreBaseSync_InvalidField()'><b>testStoreBaseSync_InvalidField</b><br>Test class: com.saas.qa.api.testcase.open.store.StoreBaseSyncTest<br>Test method: 异常场景测试：无效字段值</td>
<td><div><pre>java.lang.AssertionError: 结果不符合预期 expected [渠道ID不存在] but found [delFlg不为null,storeInfoRequest={&quot;address&quot;:&quot;北京市朝阳区测试地址&quot;,&quot;channelId&quot;:999,&quot;longLat&quot;:{&quot;latitude&quot;:999.999999,&quot;longitude&quot;:999.999999},&quot;merchantId&quot;:57,&quot;posHub&quot;:9,&quot;saasStoreId&quot;:7315,&quot;selfServiceDistance&quot;:1,&quot;storeId&quot;:&quot;test57_hello&quot;,&quot;storeName&quot;:&quot;测试门店&quot;,&quot;storePosType&quot;:9,&quot;storeStatus&quot;:9,&quot;storeType&quot;:9}]
	at com.saas.qa.api.testcase.open.store.StoreBaseSyncTest.testStoreBaseSync_InvalidField(StoreBaseSyncTest.java:91)
	at java.util.ArrayList.forEach(ArrayList.java:1259)
	at com.saas.qa.api.util.TestReportGenerator.runTests(TestReportGenerator.java:73)
	at com.saas.qa.api.util.TestReportGenerator.generateAndOpenReport(TestReportGenerator.java:53)
	at com.saas.qa.api.util.TestReportGenerator.main(TestReportGenerator.java:154)
... Removed 29 stack frames</pre></div><a href='#' onClick='toggleBox("stack-trace421637524", this, "Click to show all stack frames", "Click to hide stack frames")'>Click to show all stack frames</a>
<div class='stack-trace' id='stack-trace421637524'><pre>java.lang.AssertionError: 结果不符合预期 expected [渠道ID不存在] but found [delFlg不为null,storeInfoRequest={&quot;address&quot;:&quot;北京市朝阳区测试地址&quot;,&quot;channelId&quot;:999,&quot;longLat&quot;:{&quot;latitude&quot;:999.999999,&quot;longitude&quot;:999.999999},&quot;merchantId&quot;:57,&quot;posHub&quot;:9,&quot;saasStoreId&quot;:7315,&quot;selfServiceDistance&quot;:1,&quot;storeId&quot;:&quot;test57_hello&quot;,&quot;storeName&quot;:&quot;测试门店&quot;,&quot;storePosType&quot;:9,&quot;storeStatus&quot;:9,&quot;storeType&quot;:9}]
	at org.testng.Assert.fail(Assert.java:99)
	at org.testng.Assert.failNotEquals(Assert.java:1037)
	at org.testng.Assert.assertEqualsImpl(Assert.java:140)
	at org.testng.Assert.assertEquals(Assert.java:122)
	at org.testng.Assert.assertEquals(Assert.java:629)
	at com.saas.qa.api.testcase.open.store.StoreBaseSyncTest.testStoreBaseSync_InvalidField(StoreBaseSyncTest.java:91)
	at sun.reflect.NativeMethodAccessorImpl.invoke0(Native Method)
	at sun.reflect.NativeMethodAccessorImpl.invoke(NativeMethodAccessorImpl.java:62)
	at sun.reflect.DelegatingMethodAccessorImpl.invoke(DelegatingMethodAccessorImpl.java:43)
	at java.lang.reflect.Method.invoke(Method.java:498)
	at org.testng.internal.MethodInvocationHelper.invokeMethod(MethodInvocationHelper.java:133)
	at org.testng.internal.TestInvoker.invokeMethod(TestInvoker.java:598)
	at org.testng.internal.TestInvoker.invokeTestMethod(TestInvoker.java:173)
	at org.testng.internal.MethodRunner.runInSequence(MethodRunner.java:46)
	at org.testng.internal.TestInvoker$MethodInvocationAgent.invoke(TestInvoker.java:824)
	at org.testng.internal.TestInvoker.invokeTestMethods(TestInvoker.java:146)
	at org.testng.internal.TestMethodWorker.invokeTestMethods(TestMethodWorker.java:146)
	at org.testng.internal.TestMethodWorker.run(TestMethodWorker.java:128)
	at java.util.ArrayList.forEach(ArrayList.java:1259)
	at org.testng.TestRunner.privateRun(TestRunner.java:794)
	at org.testng.TestRunner.run(TestRunner.java:596)
	at org.testng.SuiteRunner.runTest(SuiteRunner.java:377)
	at org.testng.SuiteRunner.runSequentially(SuiteRunner.java:371)
	at org.testng.SuiteRunner.privateRun(SuiteRunner.java:332)
	at org.testng.SuiteRunner.run(SuiteRunner.java:276)
	at org.testng.SuiteRunnerWorker.runSuite(SuiteRunnerWorker.java:53)
	at org.testng.SuiteRunnerWorker.run(SuiteRunnerWorker.java:96)
	at org.testng.TestNG.runSuitesSequentially(TestNG.java:1212)
	at org.testng.TestNG.runSuitesLocally(TestNG.java:1134)
	at org.testng.TestNG.runSuites(TestNG.java:1063)
	at org.testng.TestNG.run(TestNG.java:1031)
	at com.saas.qa.api.util.TestReportGenerator.runTests(TestReportGenerator.java:73)
	at com.saas.qa.api.util.TestReportGenerator.generateAndOpenReport(TestReportGenerator.java:53)
	at com.saas.qa.api.util.TestReportGenerator.main(TestReportGenerator.java:154)
</pre></div></td>
<td>5</td>
<td>com.saas.qa.api.testcase.open.store.StoreBaseSyncTest@1a482e36</td></tr>
<tr>
<td title='com.saas.qa.api.testcase.open.store.StoreBaseSyncTest.testStoreBaseSync_MissingRequired()'><b>testStoreBaseSync_MissingRequired</b><br>Test class: com.saas.qa.api.testcase.open.store.StoreBaseSyncTest<br>Test method: 异常场景测试：缺少必填字段</td>
<td><div><pre>java.lang.AssertionError: 结果不符合预期 expected [门店名称不能为空] but found [delFlg不为null,storeInfoRequest={&quot;address&quot;:&quot;北京市朝阳区测试地址&quot;,&quot;channelId&quot;:2,&quot;longLat&quot;:{&quot;latitude&quot;:39.909946,&quot;longitude&quot;:116.397428},&quot;merchantId&quot;:57,&quot;posHub&quot;:0,&quot;saasStoreId&quot;:7315,&quot;selfServiceDistance&quot;:1,&quot;storeId&quot;:&quot;test57_hello&quot;,&quot;storePosType&quot;:1,&quot;storeStatus&quot;:1,&quot;storeType&quot;:0}]
	at com.saas.qa.api.testcase.open.store.StoreBaseSyncTest.testStoreBaseSync_MissingRequired(StoreBaseSyncTest.java:68)
	at java.util.ArrayList.forEach(ArrayList.java:1259)
	at com.saas.qa.api.util.TestReportGenerator.runTests(TestReportGenerator.java:73)
	at com.saas.qa.api.util.TestReportGenerator.generateAndOpenReport(TestReportGenerator.java:53)
	at com.saas.qa.api.util.TestReportGenerator.main(TestReportGenerator.java:154)
... Removed 29 stack frames</pre></div><a href='#' onClick='toggleBox("stack-trace1859383896", this, "Click to show all stack frames", "Click to hide stack frames")'>Click to show all stack frames</a>
<div class='stack-trace' id='stack-trace1859383896'><pre>java.lang.AssertionError: 结果不符合预期 expected [门店名称不能为空] but found [delFlg不为null,storeInfoRequest={&quot;address&quot;:&quot;北京市朝阳区测试地址&quot;,&quot;channelId&quot;:2,&quot;longLat&quot;:{&quot;latitude&quot;:39.909946,&quot;longitude&quot;:116.397428},&quot;merchantId&quot;:57,&quot;posHub&quot;:0,&quot;saasStoreId&quot;:7315,&quot;selfServiceDistance&quot;:1,&quot;storeId&quot;:&quot;test57_hello&quot;,&quot;storePosType&quot;:1,&quot;storeStatus&quot;:1,&quot;storeType&quot;:0}]
	at org.testng.Assert.fail(Assert.java:99)
	at org.testng.Assert.failNotEquals(Assert.java:1037)
	at org.testng.Assert.assertEqualsImpl(Assert.java:140)
	at org.testng.Assert.assertEquals(Assert.java:122)
	at org.testng.Assert.assertEquals(Assert.java:629)
	at com.saas.qa.api.testcase.open.store.StoreBaseSyncTest.testStoreBaseSync_MissingRequired(StoreBaseSyncTest.java:68)
	at sun.reflect.NativeMethodAccessorImpl.invoke0(Native Method)
	at sun.reflect.NativeMethodAccessorImpl.invoke(NativeMethodAccessorImpl.java:62)
	at sun.reflect.DelegatingMethodAccessorImpl.invoke(DelegatingMethodAccessorImpl.java:43)
	at java.lang.reflect.Method.invoke(Method.java:498)
	at org.testng.internal.MethodInvocationHelper.invokeMethod(MethodInvocationHelper.java:133)
	at org.testng.internal.TestInvoker.invokeMethod(TestInvoker.java:598)
	at org.testng.internal.TestInvoker.invokeTestMethod(TestInvoker.java:173)
	at org.testng.internal.MethodRunner.runInSequence(MethodRunner.java:46)
	at org.testng.internal.TestInvoker$MethodInvocationAgent.invoke(TestInvoker.java:824)
	at org.testng.internal.TestInvoker.invokeTestMethods(TestInvoker.java:146)
	at org.testng.internal.TestMethodWorker.invokeTestMethods(TestMethodWorker.java:146)
	at org.testng.internal.TestMethodWorker.run(TestMethodWorker.java:128)
	at java.util.ArrayList.forEach(ArrayList.java:1259)
	at org.testng.TestRunner.privateRun(TestRunner.java:794)
	at org.testng.TestRunner.run(TestRunner.java:596)
	at org.testng.SuiteRunner.runTest(SuiteRunner.java:377)
	at org.testng.SuiteRunner.runSequentially(SuiteRunner.java:371)
	at org.testng.SuiteRunner.privateRun(SuiteRunner.java:332)
	at org.testng.SuiteRunner.run(SuiteRunner.java:276)
	at org.testng.SuiteRunnerWorker.runSuite(SuiteRunnerWorker.java:53)
	at org.testng.SuiteRunnerWorker.run(SuiteRunnerWorker.java:96)
	at org.testng.TestNG.runSuitesSequentially(TestNG.java:1212)
	at org.testng.TestNG.runSuitesLocally(TestNG.java:1134)
	at org.testng.TestNG.runSuites(TestNG.java:1063)
	at org.testng.TestNG.run(TestNG.java:1031)
	at com.saas.qa.api.util.TestReportGenerator.runTests(TestReportGenerator.java:73)
	at com.saas.qa.api.util.TestReportGenerator.generateAndOpenReport(TestReportGenerator.java:53)
	at com.saas.qa.api.util.TestReportGenerator.main(TestReportGenerator.java:154)
</pre></div></td>
<td>5</td>
<td>com.saas.qa.api.testcase.open.store.StoreBaseSyncTest@1a482e36</td></tr>
</table><p>
<table width='100%' border='1' class='invocation-passed'>
<tr><td colspan='4' align='center'><b>PASSED TESTS</b></td></tr>
<tr><td><b>Test method</b></td>
<td width="30%"><b>Exception</b></td>
<td width="10%"><b>Time (seconds)</b></td>
<td><b>Instance</b></td>
</tr>
<tr>
<td title='com.saas.qa.api.testcase.open.store.StoreBaseSyncTest.testStoreBaseSync_Success()'><b>testStoreBaseSync_Success</b><br>Test class: com.saas.qa.api.testcase.open.store.StoreBaseSyncTest<br>Test method: 正常场景测试：传递合法参数</td>
<td></td>
<td>5</td>
<td>com.saas.qa.api.testcase.open.store.StoreBaseSyncTest@1a482e36</td></tr>
</table><p>
</body>
</html>